2022-10-15 08:27:57.606  INFO 17180 --- [main] com.ms_person.MsPersonApplication        : Starting MsPersonApplication using Java 17.0.4.1 on DESKTOP-15E64H8 with PID 17180 (D:\JuanCondori\Documentos\IntelliJ_IDEA\PRS\PERSON\AZURE\ms-person\target\classes started by Juan Condori in D:\JuanCondori\Documentos\IntelliJ_IDEA\PRS\PERSON\AZURE\ms-person)
2022-10-15 08:27:57.634  INFO 17180 --- [main] com.ms_person.MsPersonApplication        : No active profile set, falling back to 1 default profile: "default"
2022-10-15 08:28:00.402  INFO 17180 --- [main] .s.d.r.c.RepositoryConfigurationDelegate : Bootstrapping Spring Data R2DBC repositories in DEFAULT mode.
2022-10-15 08:28:00.633  INFO 17180 --- [main] .s.d.r.c.RepositoryConfigurationDelegate : Finished Spring Data repository scanning in 215 ms. Found 2 R2DBC repository interfaces.
2022-10-15 08:28:01.427  INFO 17180 --- [main] o.s.cloud.context.scope.GenericScope     : BeanFactory id=0376792c-9275-38b4-8cd6-09b296a7a3e0
2022-10-15 08:28:01.961  INFO 17180 --- [main] trationDelegate$BeanPostProcessorChecker : Bean 'org.springframework.cloud.client.loadbalancer.reactive.LoadBalancerBeanPostProcessorAutoConfiguration' of type [org.springframework.cloud.client.loadbalancer.reactive.LoadBalancerBeanPostProcessorAutoConfiguration] is not eligible for getting processed by all BeanPostProcessors (for example: not eligible for auto-proxying)
2022-10-15 08:28:01.965  INFO 17180 --- [main] trationDelegate$BeanPostProcessorChecker : Bean 'org.springframework.cloud.client.loadbalancer.reactive.LoadBalancerBeanPostProcessorAutoConfiguration$ReactorDeferringLoadBalancerFilterConfig' of type [org.springframework.cloud.client.loadbalancer.reactive.LoadBalancerBeanPostProcessorAutoConfiguration$ReactorDeferringLoadBalancerFilterConfig] is not eligible for getting processed by all BeanPostProcessors (for example: not eligible for auto-proxying)
2022-10-15 08:28:01.973  INFO 17180 --- [main] trationDelegate$BeanPostProcessorChecker : Bean 'reactorDeferringLoadBalancerExchangeFilterFunction' of type [org.springframework.cloud.client.loadbalancer.reactive.DeferringLoadBalancerExchangeFilterFunction] is not eligible for getting processed by all BeanPostProcessors (for example: not eligible for auto-proxying)
2022-10-15 08:28:07.921  WARN 17180 --- [main] iguration$LoadBalancerCaffeineWarnLogger : Spring Cloud LoadBalancer is currently working with the default cache. While this cache implementation is useful for development and tests, it's recommended to use Caffeine cache in production.You can switch to using Caffeine cache, by adding it and org.springframework.cache.caffeine.CaffeineCacheManager to the classpath.
2022-10-15 08:28:08.978  INFO 17180 --- [main] o.s.b.web.embedded.netty.NettyWebServer  : Netty started on port 8085
2022-10-15 08:28:12.147  INFO 17180 --- [main] com.ms_person.MsPersonApplication        : Started MsPersonApplication in 17.757 seconds (JVM running for 69.017)
2022-10-15 08:33:38.482  INFO 17180 --- [reactor-http-nio-2] c.m.service.impl.PersonServiceImpl       : Personas filtradas por estado = true
2022-10-15 08:33:38.966 DEBUG 17180 --- [reactor-http-nio-2] o.s.d.r2dbc.core.NamedParameterExpander  : Expanding SQL statement [SELECT * FROM person WHERE active = :active ORDER BY id DESC] to [SELECT * FROM person WHERE active = $1 ORDER BY id DESC]
2022-10-15 08:36:20.904  INFO 17180 --- [reactor-http-nio-3] c.m.service.impl.PersonServiceImpl       : Personas filtradas por estado = true
2022-10-15 08:36:20.908 DEBUG 17180 --- [reactor-http-nio-3] o.s.d.r2dbc.core.NamedParameterExpander  : Expanding SQL statement [SELECT * FROM person WHERE active = :active ORDER BY id DESC] to [SELECT * FROM person WHERE active = $1 ORDER BY id DESC]
2022-10-15 08:37:39.252  INFO 17180 --- [reactor-http-nio-1] c.m.service.impl.PersonServiceImpl       : Personas filtradas por estado = true
2022-10-15 08:37:39.254 DEBUG 17180 --- [reactor-http-nio-1] o.s.d.r2dbc.core.NamedParameterExpander  : Expanding SQL statement [SELECT * FROM person WHERE active = :active ORDER BY id DESC] to [SELECT * FROM person WHERE active = $1 ORDER BY id DESC]
2022-10-15 08:37:39.708  INFO 17180 --- [reactor-http-nio-4] c.m.service.impl.PersonServiceImpl       : Persona creada = Person(id=null, id_type=DNI, id_number=71345634, name=Alex Diego, lastname=Lira Ramos, cellphone=958734567, email=alex@gmail.com, level=null, username=alex, password=Java2020@, active=false)
2022-10-15 08:37:45.235  INFO 17180 --- [reactor-http-nio-2] c.m.service.impl.PersonServiceImpl       : Personas filtradas por estado = true
2022-10-15 08:37:45.239 DEBUG 17180 --- [reactor-http-nio-2] o.s.d.r2dbc.core.NamedParameterExpander  : Expanding SQL statement [SELECT * FROM person WHERE active = :active ORDER BY id DESC] to [SELECT * FROM person WHERE active = $1 ORDER BY id DESC]
2022-10-15 08:37:53.177  INFO 17180 --- [reactor-http-nio-3] c.m.service.impl.PersonServiceImpl       : Persona encontrada con el ID = 1
2022-10-15 08:38:09.792  INFO 17180 --- [reactor-http-nio-4] c.m.service.impl.PersonServiceImpl       : Personas filtradas por estado = true
2022-10-15 08:38:09.795 DEBUG 17180 --- [reactor-http-nio-4] o.s.d.r2dbc.core.NamedParameterExpander  : Expanding SQL statement [SELECT * FROM person WHERE active = :active ORDER BY id DESC] to [SELECT * FROM person WHERE active = $1 ORDER BY id DESC]
2022-10-15 08:38:26.310  INFO 17180 --- [reactor-http-nio-1] c.m.service.impl.PersonServiceImpl       : Personas filtradas por estado = true
2022-10-15 08:38:26.312 DEBUG 17180 --- [reactor-http-nio-1] o.s.d.r2dbc.core.NamedParameterExpander  : Expanding SQL statement [SELECT * FROM person WHERE active = :active ORDER BY id DESC] to [SELECT * FROM person WHERE active = $1 ORDER BY id DESC]
2022-10-15 08:38:43.138  INFO 17180 --- [reactor-http-nio-2] c.m.service.impl.PersonServiceImpl       : Personas filtradas por estado = true
2022-10-15 08:38:43.142 DEBUG 17180 --- [reactor-http-nio-2] o.s.d.r2dbc.core.NamedParameterExpander  : Expanding SQL statement [SELECT * FROM person WHERE active = :active ORDER BY id DESC] to [SELECT * FROM person WHERE active = $1 ORDER BY id DESC]
2022-10-15 08:38:50.626  INFO 17180 --- [reactor-http-nio-2] c.m.service.impl.PersonServiceImpl       : Personas filtradas por estado = true
2022-10-15 08:38:50.631 DEBUG 17180 --- [reactor-http-nio-2] o.s.d.r2dbc.core.NamedParameterExpander  : Expanding SQL statement [SELECT * FROM person WHERE active = :active ORDER BY id DESC] to [SELECT * FROM person WHERE active = $1 ORDER BY id DESC]
2022-10-15 08:38:52.633  INFO 17180 --- [reactor-http-nio-3] c.m.service.impl.PersonServiceImpl       : Persona encontrada con el ID = 1
2022-10-15 08:38:58.107  INFO 17180 --- [reactor-http-nio-3] c.m.service.impl.PersonServiceImpl       : Personas filtradas por estado = true
2022-10-15 08:38:58.110 DEBUG 17180 --- [reactor-http-nio-3] o.s.d.r2dbc.core.NamedParameterExpander  : Expanding SQL statement [SELECT * FROM person WHERE active = :active ORDER BY id DESC] to [SELECT * FROM person WHERE active = $1 ORDER BY id DESC]
2022-10-15 08:39:41.963  INFO 17180 --- [reactor-http-nio-4] c.m.service.impl.PersonServiceImpl       : Personas filtradas por estado = true
2022-10-15 08:39:41.966 DEBUG 17180 --- [reactor-http-nio-4] o.s.d.r2dbc.core.NamedParameterExpander  : Expanding SQL statement [SELECT * FROM person WHERE active = :active ORDER BY id DESC] to [SELECT * FROM person WHERE active = $1 ORDER BY id DESC]
2022-10-15 08:39:47.238  INFO 17180 --- [reactor-http-nio-4] c.m.service.impl.PersonServiceImpl       : Personas filtradas por estado = true
2022-10-15 08:39:47.243 DEBUG 17180 --- [reactor-http-nio-4] o.s.d.r2dbc.core.NamedParameterExpander  : Expanding SQL statement [SELECT * FROM person WHERE active = :active ORDER BY id DESC] to [SELECT * FROM person WHERE active = $1 ORDER BY id DESC]
2022-10-15 08:40:06.389  INFO 17180 --- [reactor-http-nio-1] c.m.service.impl.PersonServiceImpl       : Personas filtradas por estado = true
2022-10-15 08:40:06.391 DEBUG 17180 --- [reactor-http-nio-1] o.s.d.r2dbc.core.NamedParameterExpander  : Expanding SQL statement [SELECT * FROM person WHERE active = :active ORDER BY id DESC] to [SELECT * FROM person WHERE active = $1 ORDER BY id DESC]
2022-10-15 08:40:11.389  INFO 17180 --- [reactor-http-nio-1] c.m.service.impl.PersonServiceImpl       : Personas filtradas por estado = true
2022-10-15 08:40:11.392 DEBUG 17180 --- [reactor-http-nio-1] o.s.d.r2dbc.core.NamedParameterExpander  : Expanding SQL statement [SELECT * FROM person WHERE active = :active ORDER BY id DESC] to [SELECT * FROM person WHERE active = $1 ORDER BY id DESC]
2022-10-15 08:40:16.722  INFO 17180 --- [reactor-http-nio-1] c.m.service.impl.PersonServiceImpl       : Personas filtradas por estado = true
2022-10-15 08:40:16.727 DEBUG 17180 --- [reactor-http-nio-1] o.s.d.r2dbc.core.NamedParameterExpander  : Expanding SQL statement [SELECT * FROM person WHERE active = :active ORDER BY id DESC] to [SELECT * FROM person WHERE active = $1 ORDER BY id DESC]
2022-10-15 08:40:35.735  INFO 17180 --- [reactor-http-nio-2] c.m.service.impl.PersonServiceImpl       : Personas filtradas por estado = true
2022-10-15 08:40:35.738 DEBUG 17180 --- [reactor-http-nio-2] o.s.d.r2dbc.core.NamedParameterExpander  : Expanding SQL statement [SELECT * FROM person WHERE active = :active ORDER BY id DESC] to [SELECT * FROM person WHERE active = $1 ORDER BY id DESC]
2022-10-15 08:41:18.260  INFO 17180 --- [reactor-http-nio-3] c.m.service.impl.PersonServiceImpl       : Personas filtradas por estado = true
2022-10-15 08:41:18.265 DEBUG 17180 --- [reactor-http-nio-3] o.s.d.r2dbc.core.NamedParameterExpander  : Expanding SQL statement [SELECT * FROM person WHERE active = :active ORDER BY id DESC] to [SELECT * FROM person WHERE active = $1 ORDER BY id DESC]
2022-10-15 08:41:30.490  INFO 17180 --- [reactor-http-nio-3] c.m.service.impl.PersonServiceImpl       : Personas filtradas por estado = true
2022-10-15 08:41:30.494 DEBUG 17180 --- [reactor-http-nio-3] o.s.d.r2dbc.core.NamedParameterExpander  : Expanding SQL statement [SELECT * FROM person WHERE active = :active ORDER BY id DESC] to [SELECT * FROM person WHERE active = $1 ORDER BY id DESC]
2022-10-15 08:42:31.212  INFO 17180 --- [reactor-http-nio-3] c.m.service.impl.PersonServiceImpl       : Personas filtradas por estado = true
2022-10-15 08:42:31.214 DEBUG 17180 --- [reactor-http-nio-3] o.s.d.r2dbc.core.NamedParameterExpander  : Expanding SQL statement [SELECT * FROM person WHERE active = :active ORDER BY id DESC] to [SELECT * FROM person WHERE active = $1 ORDER BY id DESC]
2022-10-15 08:42:35.172  INFO 17180 --- [reactor-http-nio-3] c.m.service.impl.PersonServiceImpl       : Personas filtradas por estado = true
2022-10-15 08:42:35.176 DEBUG 17180 --- [reactor-http-nio-3] o.s.d.r2dbc.core.NamedParameterExpander  : Expanding SQL statement [SELECT * FROM person WHERE active = :active ORDER BY id DESC] to [SELECT * FROM person WHERE active = $1 ORDER BY id DESC]
2022-10-15 08:42:47.905  INFO 17180 --- [reactor-http-nio-3] c.m.service.impl.PersonServiceImpl       : Persona encontrada con el ID = 3
2022-10-15 08:44:31.912  INFO 17180 --- [reactor-http-nio-4] c.m.service.impl.PersonServiceImpl       : Mostrando todas las personas
2022-10-15 08:48:52.291  INFO 17180 --- [reactor-http-nio-1] c.m.service.impl.PersonServiceImpl       : Persona encontrada con el ID = 2
2022-10-15 08:49:19.604  INFO 17180 --- [reactor-http-nio-2] c.m.service.impl.PersonServiceImpl       : Persona encontrada con el ID = 2
2022-10-15 08:49:34.602  INFO 17180 --- [reactor-http-nio-3] c.m.service.impl.PersonServiceImpl       : Persona encontrada con el ID = 2
2022-10-15 08:59:06.560  INFO 17180 --- [reactor-http-nio-4] c.m.service.impl.PersonServiceImpl       : Personas filtradas por estado = false
2022-10-15 08:59:06.565 DEBUG 17180 --- [reactor-http-nio-4] o.s.d.r2dbc.core.NamedParameterExpander  : Expanding SQL statement [SELECT * FROM person WHERE active = :active ORDER BY id DESC] to [SELECT * FROM person WHERE active = $1 ORDER BY id DESC]
2022-10-15 08:59:08.324  INFO 17180 --- [reactor-http-nio-4] c.m.service.impl.PersonServiceImpl       : Mostrando todas las personas
2022-10-15 08:59:12.712  INFO 17180 --- [reactor-http-nio-4] c.m.service.impl.PersonServiceImpl       : Persona eliminada = 1
2022-10-15 08:59:14.443  INFO 17180 --- [reactor-http-nio-4] c.m.service.impl.PersonServiceImpl       : Mostrando todas las personas
2022-10-15 08:59:18.136  INFO 17180 --- [reactor-http-nio-4] c.m.service.impl.PersonServiceImpl       : Personas filtradas por estado = true
2022-10-15 08:59:18.139 DEBUG 17180 --- [reactor-http-nio-4] o.s.d.r2dbc.core.NamedParameterExpander  : Expanding SQL statement [SELECT * FROM person WHERE active = :active ORDER BY id DESC] to [SELECT * FROM person WHERE active = $1 ORDER BY id DESC]
2022-10-15 08:59:20.106  INFO 17180 --- [reactor-http-nio-4] c.m.service.impl.PersonServiceImpl       : Personas filtradas por estado = false
2022-10-15 08:59:20.112 DEBUG 17180 --- [reactor-http-nio-4] o.s.d.r2dbc.core.NamedParameterExpander  : Expanding SQL statement [SELECT * FROM person WHERE active = :active ORDER BY id DESC] to [SELECT * FROM person WHERE active = $1 ORDER BY id DESC]
2022-10-15 08:59:21.893  INFO 17180 --- [reactor-http-nio-4] c.m.service.impl.PersonServiceImpl       : Mostrando todas las personas
2022-10-15 09:01:04.056  INFO 17180 --- [reactor-http-nio-4] c.m.service.impl.PersonServiceImpl       : Persona encontrada con el ID = 3
2022-10-15 09:13:31.335  INFO 3808 --- [main] com.ms_person.MsPersonApplication        : Starting MsPersonApplication using Java 17.0.4.1 on DESKTOP-15E64H8 with PID 3808 (D:\JuanCondori\Documentos\IntelliJ_IDEA\PRS\PERSON\AZURE\ms-person\target\classes started by Juan Condori in D:\JuanCondori\Documentos\IntelliJ_IDEA\PRS\PERSON\AZURE\ms-person)
2022-10-15 09:13:31.343  INFO 3808 --- [main] com.ms_person.MsPersonApplication        : No active profile set, falling back to 1 default profile: "default"
2022-10-15 09:13:33.171  INFO 3808 --- [main] .s.d.r.c.RepositoryConfigurationDelegate : Bootstrapping Spring Data R2DBC repositories in DEFAULT mode.
2022-10-15 09:13:33.334  INFO 3808 --- [main] .s.d.r.c.RepositoryConfigurationDelegate : Finished Spring Data repository scanning in 152 ms. Found 1 R2DBC repository interfaces.
2022-10-15 09:13:33.907  INFO 3808 --- [main] o.s.cloud.context.scope.GenericScope     : BeanFactory id=93b7c92f-4db2-3c9a-a37c-f1a224732a3b
2022-10-15 09:13:34.218  INFO 3808 --- [main] trationDelegate$BeanPostProcessorChecker : Bean 'org.springframework.cloud.client.loadbalancer.reactive.LoadBalancerBeanPostProcessorAutoConfiguration' of type [org.springframework.cloud.client.loadbalancer.reactive.LoadBalancerBeanPostProcessorAutoConfiguration] is not eligible for getting processed by all BeanPostProcessors (for example: not eligible for auto-proxying)
2022-10-15 09:13:34.221  INFO 3808 --- [main] trationDelegate$BeanPostProcessorChecker : Bean 'org.springframework.cloud.client.loadbalancer.reactive.LoadBalancerBeanPostProcessorAutoConfiguration$ReactorDeferringLoadBalancerFilterConfig' of type [org.springframework.cloud.client.loadbalancer.reactive.LoadBalancerBeanPostProcessorAutoConfiguration$ReactorDeferringLoadBalancerFilterConfig] is not eligible for getting processed by all BeanPostProcessors (for example: not eligible for auto-proxying)
2022-10-15 09:13:34.226  INFO 3808 --- [main] trationDelegate$BeanPostProcessorChecker : Bean 'reactorDeferringLoadBalancerExchangeFilterFunction' of type [org.springframework.cloud.client.loadbalancer.reactive.DeferringLoadBalancerExchangeFilterFunction] is not eligible for getting processed by all BeanPostProcessors (for example: not eligible for auto-proxying)
2022-10-15 09:13:39.271  WARN 3808 --- [main] iguration$LoadBalancerCaffeineWarnLogger : Spring Cloud LoadBalancer is currently working with the default cache. While this cache implementation is useful for development and tests, it's recommended to use Caffeine cache in production.You can switch to using Caffeine cache, by adding it and org.springframework.cache.caffeine.CaffeineCacheManager to the classpath.
2022-10-15 09:13:40.106  INFO 3808 --- [main] o.s.b.web.embedded.netty.NettyWebServer  : Netty started on port 8085
2022-10-15 09:13:42.579  INFO 3808 --- [main] com.ms_person.MsPersonApplication        : Started MsPersonApplication in 15.005 seconds (JVM running for 19.92)
2022-10-15 09:13:50.569  INFO 3808 --- [reactor-http-nio-2] c.m.service.impl.PersonServiceImpl       : Personas filtradas por estado = true
2022-10-15 09:13:50.960 DEBUG 3808 --- [reactor-http-nio-2] o.s.d.r2dbc.core.NamedParameterExpander  : Expanding SQL statement [SELECT * FROM person WHERE active = :active ORDER BY id DESC] to [SELECT * FROM person WHERE active = $1 ORDER BY id DESC]
2022-10-15 09:13:56.056  INFO 3808 --- [reactor-http-nio-2] c.m.service.impl.PersonServiceImpl       : Personas filtradas por estado = false
2022-10-15 09:13:56.060 DEBUG 3808 --- [reactor-http-nio-2] o.s.d.r2dbc.core.NamedParameterExpander  : Expanding SQL statement [SELECT * FROM person WHERE active = :active ORDER BY id DESC] to [SELECT * FROM person WHERE active = $1 ORDER BY id DESC]
2022-10-15 09:13:57.852  INFO 3808 --- [reactor-http-nio-2] c.m.service.impl.PersonServiceImpl       : Personas filtradas por estado = true
2022-10-15 09:13:57.854 DEBUG 3808 --- [reactor-http-nio-2] o.s.d.r2dbc.core.NamedParameterExpander  : Expanding SQL statement [SELECT * FROM person WHERE active = :active ORDER BY id DESC] to [SELECT * FROM person WHERE active = $1 ORDER BY id DESC]
2022-10-15 09:14:08.537  INFO 3808 --- [reactor-http-nio-3] c.m.service.impl.PersonServiceImpl       : Personas filtradas por estado = true
2022-10-15 09:14:08.564 DEBUG 3808 --- [reactor-http-nio-3] o.s.d.r2dbc.core.NamedParameterExpander  : Expanding SQL statement [SELECT * FROM person WHERE active = :active ORDER BY id DESC] to [SELECT * FROM person WHERE active = $1 ORDER BY id DESC]
2022-10-15 09:14:08.936  INFO 3808 --- [reactor-http-nio-2] c.m.service.impl.PersonServiceImpl       : Persona actualizada = Person(id=3, id_type=DNI, id_number=71345634, name=Alex Diego, lastname=Lira Ramos, cellphone=958734567, email=alex@gmail.com, level=1, username=alexxx, password=Java2020@, active=true)
2022-10-15 09:14:23.382  INFO 3808 --- [reactor-http-nio-2] c.m.service.impl.PersonServiceImpl       : Persona actualizada = Person(id=3, id_type=DNI, id_number=71345634, name=Alex Diego, lastname=Lira Ramos, cellphone=958734567, email=alex@gmail.com, level=1, username=alexxxx, password=Java2020@, active=true)
2022-10-15 09:14:23.525  INFO 3808 --- [reactor-http-nio-3] c.m.service.impl.PersonServiceImpl       : Personas filtradas por estado = true
2022-10-15 09:14:23.527 DEBUG 3808 --- [reactor-http-nio-3] o.s.d.r2dbc.core.NamedParameterExpander  : Expanding SQL statement [SELECT * FROM person WHERE active = :active ORDER BY id DESC] to [SELECT * FROM person WHERE active = $1 ORDER BY id DESC]
2022-10-15 09:14:48.886  INFO 3808 --- [reactor-http-nio-3] c.m.service.impl.PersonServiceImpl       : Persona actualizada = Person(id=3, id_type=DNI, id_number=71345634, name=Alex Diego, lastname=Lira Ramos, cellphone=958734567, email=alex@gmail.com, level=1, username=alexzzz, password=Java2020@, active=true)
2022-10-15 09:14:49.022  INFO 3808 --- [reactor-http-nio-2] c.m.service.impl.PersonServiceImpl       : Personas filtradas por estado = true
2022-10-15 09:14:49.024 DEBUG 3808 --- [reactor-http-nio-2] o.s.d.r2dbc.core.NamedParameterExpander  : Expanding SQL statement [SELECT * FROM person WHERE active = :active ORDER BY id DESC] to [SELECT * FROM person WHERE active = $1 ORDER BY id DESC]
2022-10-15 09:15:13.322  INFO 3808 --- [reactor-http-nio-2] c.m.service.impl.PersonServiceImpl       : Personas filtradas por estado = true
2022-10-15 09:15:13.323 DEBUG 3808 --- [reactor-http-nio-2] o.s.d.r2dbc.core.NamedParameterExpander  : Expanding SQL statement [SELECT * FROM person WHERE active = :active ORDER BY id DESC] to [SELECT * FROM person WHERE active = $1 ORDER BY id DESC]
2022-10-15 09:15:18.204  INFO 3808 --- [reactor-http-nio-2] c.m.service.impl.PersonServiceImpl       : Personas filtradas por estado = true
2022-10-15 09:15:18.208 DEBUG 3808 --- [reactor-http-nio-2] o.s.d.r2dbc.core.NamedParameterExpander  : Expanding SQL statement [SELECT * FROM person WHERE active = :active ORDER BY id DESC] to [SELECT * FROM person WHERE active = $1 ORDER BY id DESC]
2022-10-15 09:16:53.636  INFO 3808 --- [reactor-http-nio-2] c.m.service.impl.PersonServiceImpl       : Personas filtradas por estado = true
2022-10-15 09:16:53.639 DEBUG 3808 --- [reactor-http-nio-2] o.s.d.r2dbc.core.NamedParameterExpander  : Expanding SQL statement [SELECT * FROM person WHERE active = :active ORDER BY id DESC] to [SELECT * FROM person WHERE active = $1 ORDER BY id DESC]
